<?xml version="1.0" encoding="UTF-8"?>
<coverage generated="1717194810806" clover="3.2.0">
  <project timestamp="1717194810806" name="All files">
    <metrics statements="20" coveredstatements="2" conditionals="10" coveredconditionals="2" methods="5" coveredmethods="1" elements="35" coveredelements="5" complexity="0" loc="20" ncloc="20" packages="3" files="4" classes="4"/>
    <package name="Profile">
      <metrics statements="3" coveredstatements="0" conditionals="6" coveredconditionals="0" methods="1" coveredmethods="0"/>
      <file name="index.tsx" path="/Users/antoniovuono/projects/pocs/container-and-presentional-pattern-rn/src/screens/Profile/index.tsx">
        <metrics statements="3" coveredstatements="0" conditionals="6" coveredconditionals="0" methods="1" coveredmethods="0"/>
        <line num="7" count="0" type="stmt"/>
        <line num="9" count="0" type="stmt"/>
        <line num="28" count="0" type="stmt"/>
      </file>
    </package>
    <package name="Profile.hooks">
      <metrics statements="13" coveredstatements="0" conditionals="2" coveredconditionals="0" methods="2" coveredmethods="0"/>
      <file name="useProfile.ts" path="/Users/antoniovuono/projects/pocs/container-and-presentional-pattern-rn/src/screens/Profile/hooks/useProfile.ts">
        <metrics statements="13" coveredstatements="0" conditionals="2" coveredconditionals="0" methods="2" coveredmethods="0"/>
        <line num="11" count="0" type="stmt"/>
        <line num="12" count="0" type="stmt"/>
        <line num="13" count="0" type="stmt"/>
        <line num="16" count="0" type="stmt"/>
        <line num="17" count="0" type="stmt"/>
        <line num="18" count="0" type="cond" truecount="0" falsecount="2"/>
        <line num="19" count="0" type="stmt"/>
        <line num="22" count="0" type="stmt"/>
        <line num="23" count="0" type="stmt"/>
        <line num="24" count="0" type="stmt"/>
        <line num="26" count="0" type="stmt"/>
        <line num="28" count="0" type="stmt"/>
        <line num="32" count="0" type="stmt"/>
      </file>
    </package>
    <package name="components">
      <metrics statements="4" coveredstatements="2" conditionals="2" coveredconditionals="2" methods="2" coveredmethods="1"/>
      <file name="Button.tsx" path="/Users/antoniovuono/projects/pocs/container-and-presentional-pattern-rn/src/screens/components/Button.tsx">
        <metrics statements="2" coveredstatements="2" conditionals="2" coveredconditionals="2" methods="1" coveredmethods="1"/>
        <line num="15" count="2" type="stmt"/>
        <line num="30" count="1" type="stmt"/>
      </file>
      <file name="Input.tsx" path="/Users/antoniovuono/projects/pocs/container-and-presentional-pattern-rn/src/screens/components/Input.tsx">
        <metrics statements="2" coveredstatements="0" conditionals="0" coveredconditionals="0" methods="1" coveredmethods="0"/>
        <line num="4" count="0" type="stmt"/>
        <line num="15" count="0" type="stmt"/>
      </file>
    </package>
  </project>
</coverage>
