{"/Users/antoniovuono/projects/pocs/container-and-presentional-pattern-rn/src/components/Button.tsx": {"path":"/Users/antoniovuono/projects/pocs/container-and-presentional-pattern-rn/src/components/Button.tsx","statementMap":{"0":{"start":{"line":15,"column":2},"end":{"line":27,"column":4}},"1":{"start":{"line":30,"column":15},"end":{"line":44,"column":2}}},"fnMap":{"0":{"name":"Button","decl":{"start":{"line":14,"column":16},"end":{"line":14,"column":22}},"loc":{"start":{"line":14,"column":67},"end":{"line":28,"column":1}},"line":14}},"branchMap":{"0":{"loc":{"start":{"line":17,"column":7},"end":{"line":25,"column":7}},"type":"cond-expr","locations":[{"start":{"line":18,"column":8},"end":{"line":22,"column":10}},{"start":{"line":24,"column":8},"end":{"line":24,"column":54}}],"line":17}},"s":{"0":2,"1":1},"f":{"0":2},"b":{"0":[1,1]},"_coverageSchema":"1a1c01bbd47fc00a2c39e90264f33305004495a9","hash":"4bf32f2490da8f5620b91f4c8b526c85c742dca2"}
,"/Users/antoniovuono/projects/pocs/container-and-presentional-pattern-rn/src/components/Input.tsx": {"path":"/Users/antoniovuono/projects/pocs/container-and-presentional-pattern-rn/src/components/Input.tsx","statementMap":{"0":{"start":{"line":4,"column":2},"end":{"line":12,"column":4}},"1":{"start":{"line":15,"column":15},"end":{"line":23,"column":2}}},"fnMap":{"0":{"name":"Input","decl":{"start":{"line":3,"column":16},"end":{"line":3,"column":21}},"loc":{"start":{"line":3,"column":51},"end":{"line":13,"column":1}},"line":3}},"branchMap":{},"s":{"0":1,"1":1},"f":{"0":1},"b":{},"_coverageSchema":"1a1c01bbd47fc00a2c39e90264f33305004495a9","hash":"6477fcddbfee5347529846ceed3f08693cb7627b"}
,"/Users/antoniovuono/projects/pocs/container-and-presentional-pattern-rn/src/screens/Profile/index.tsx": {"path":"/Users/antoniovuono/projects/pocs/container-and-presentional-pattern-rn/src/screens/Profile/index.tsx","statementMap":{"0":{"start":{"line":7,"column":62},"end":{"line":7,"column":74}},"1":{"start":{"line":9,"column":2},"end":{"line":25,"column":4}},"2":{"start":{"line":28,"column":15},"end":{"line":54,"column":2}}},"fnMap":{"0":{"name":"Profile","decl":{"start":{"line":6,"column":16},"end":{"line":6,"column":23}},"loc":{"start":{"line":6,"column":26},"end":{"line":26,"column":1}},"line":6}},"branchMap":{"0":{"loc":{"start":{"line":14,"column":12},"end":{"line":15,"column":99}},"type":"binary-expr","locations":[{"start":{"line":14,"column":12},"end":{"line":14,"column":28}},{"start":{"line":15,"column":12},"end":{"line":15,"column":99}}],"line":14},"1":{"loc":{"start":{"line":19,"column":34},"end":{"line":19,"column":65}},"type":"binary-expr","locations":[{"start":{"line":19,"column":34},"end":{"line":19,"column":44}},{"start":{"line":19,"column":48},"end":{"line":19,"column":65}}],"line":19},"2":{"loc":{"start":{"line":20,"column":37},"end":{"line":20,"column":72}},"type":"binary-expr","locations":[{"start":{"line":20,"column":37},"end":{"line":20,"column":46}},{"start":{"line":20,"column":50},"end":{"line":20,"column":72}}],"line":20}},"s":{"0":0,"1":0,"2":0},"f":{"0":0},"b":{"0":[0,0],"1":[0,0],"2":[0,0]}}
,"/Users/antoniovuono/projects/pocs/container-and-presentional-pattern-rn/src/screens/Profile/hooks/useProfile.ts": {"path":"/Users/antoniovuono/projects/pocs/container-and-presentional-pattern-rn/src/screens/Profile/hooks/useProfile.ts","statementMap":{"0":{"start":{"line":11,"column":34},"end":{"line":11,"column":52}},"1":{"start":{"line":12,"column":26},"end":{"line":12,"column":62}},"2":{"start":{"line":13,"column":32},"end":{"line":13,"column":56}},"3":{"start":{"line":16,"column":4},"end":{"line":16,"column":21}},"4":{"start":{"line":17,"column":4},"end":{"line":29,"column":5}},"5":{"start":{"line":18,"column":6},"end":{"line":20,"column":7}},"6":{"start":{"line":19,"column":8},"end":{"line":19,"column":53}},"7":{"start":{"line":22,"column":23},"end":{"line":22,"column":78}},"8":{"start":{"line":23,"column":19},"end":{"line":23,"column":40}},"9":{"start":{"line":24,"column":6},"end":{"line":24,"column":20}},"10":{"start":{"line":26,"column":6},"end":{"line":26,"column":25}},"11":{"start":{"line":28,"column":6},"end":{"line":28,"column":24}},"12":{"start":{"line":32,"column":2},"end":{"line":38,"column":4}}},"fnMap":{"0":{"name":"useProfile","decl":{"start":{"line":10,"column":16},"end":{"line":10,"column":26}},"loc":{"start":{"line":10,"column":29},"end":{"line":39,"column":1}},"line":10},"1":{"name":"fetchUser","decl":{"start":{"line":15,"column":17},"end":{"line":15,"column":26}},"loc":{"start":{"line":15,"column":29},"end":{"line":30,"column":3}},"line":15}},"branchMap":{"0":{"loc":{"start":{"line":18,"column":6},"end":{"line":20,"column":7}},"type":"if","locations":[{"start":{"line":18,"column":6},"end":{"line":20,"column":7}},{"start":{},"end":{}}],"line":18}},"s":{"0":0,"1":0,"2":0,"3":0,"4":0,"5":0,"6":0,"7":0,"8":0,"9":0,"10":0,"11":0,"12":0},"f":{"0":0,"1":0},"b":{"0":[0,0]}}
}
