TN:
SF:src/components/Button.tsx
FN:14,Button
FNF:1
FNH:1
FNDA:3,Button
DA:15,3
DA:30,2
LF:2
LH:2
BRDA:17,0,0,1
BRDA:17,0,1,2
BRF:2
BRH:2
end_of_record
TN:
SF:src/components/Input.tsx
FN:3,Input
FNF:1
FNH:1
FNDA:2,Input
DA:4,2
DA:15,2
LF:2
LH:2
BRF:0
BRH:0
end_of_record
TN:
SF:src/screens/Profile/index.tsx
FN:6,Profile
FNF:1
FNH:1
FNDA:1,Profile
DA:7,1
DA:9,1
DA:28,1
LF:3
LH:3
BRDA:14,0,0,1
BRDA:14,0,1,1
BRDA:19,1,0,1
BRDA:19,1,1,1
BRDA:20,2,0,1
BRDA:20,2,1,1
BRF:6
BRH:6
end_of_record
TN:
SF:src/screens/Profile/hooks/useProfile.ts
FN:10,useProfile
FN:15,fetchUser
FNF:2
FNH:2
FNDA:12,useProfile
FNDA:3,fetchUser
DA:11,12
DA:12,12
DA:13,12
DA:16,3
DA:17,3
DA:18,3
DA:19,1
DA:22,2
DA:23,1
DA:24,1
DA:26,1
DA:28,3
DA:32,12
LF:13
LH:13
BRDA:18,0,0,1
BRDA:18,0,1,2
BRF:2
BRH:2
end_of_record
