TN:
SF:src/components/Button.tsx
FN:14,Button
FNF:1
FNH:1
FNDA:2,Button
DA:15,2
DA:30,1
LF:2
LH:2
BRDA:17,0,0,1
BRDA:17,0,1,1
BRF:2
BRH:2
end_of_record
TN:
SF:src/components/Input.tsx
FN:3,Input
FNF:1
FNH:1
FNDA:1,Input
DA:4,1
DA:15,1
LF:2
LH:2
BRF:0
BRH:0
end_of_record
TN:
SF:src/screens/Profile/index.tsx
FN:6,Profile
FNF:1
FNH:0
FNDA:0,Profile
DA:7,0
DA:9,0
DA:28,0
LF:3
LH:0
BRDA:14,0,0,0
BRDA:14,0,1,0
BRDA:19,1,0,0
BRDA:19,1,1,0
BRDA:20,2,0,0
BRDA:20,2,1,0
BRF:6
BRH:0
end_of_record
TN:
SF:src/screens/Profile/hooks/useProfile.ts
FN:10,useProfile
FN:15,fetchUser
FNF:2
FNH:0
FNDA:0,useProfile
FNDA:0,fetchUser
DA:11,0
DA:12,0
DA:13,0
DA:16,0
DA:17,0
DA:18,0
DA:19,0
DA:22,0
DA:23,0
DA:24,0
DA:26,0
DA:28,0
DA:32,0
LF:13
LH:0
BRDA:18,0,0,0
BRDA:18,0,1,0
BRF:2
BRH:0
end_of_record
